0 info it worked if it ends with ok
1 verbose cli [ '/usr/bin/node', '/usr/bin/npm', 'run', 'build' ]
2 info using npm@3.5.2
3 info using node@v8.10.0
4 verbose run-script [ 'prebuild', 'build', 'postbuild' ]
5 info lifecycle age-of-reason@1.0.0~prebuild: age-of-reason@1.0.0
6 silly lifecycle age-of-reason@1.0.0~prebuild: no script for prebuild, continuing
7 info lifecycle age-of-reason@1.0.0~build: age-of-reason@1.0.0
8 verbose lifecycle age-of-reason@1.0.0~build: unsafe-perm in lifecycle true
9 verbose lifecycle age-of-reason@1.0.0~build: PATH: /usr/share/npm/bin/node-gyp-bin:/mnt/c/Users/malik/Desktop/Master 2/QCI/qsi3-aor-malik-olivier/node_modules/.bin:/usr/local/sbin:/usr/local/bin:/usr/sbin:/usr/bin:/sbin:/bin:/usr/games:/usr/local/games:/mnt/c/ProgramData/DockerDesktop/version-bin:/mnt/c/Program Files/Docker/Docker/resources/bin:/mnt/c/Program Files (x86)/Common Files/Oracle/Java/javapath_target_65505687:/mnt/c/Program Files (x86)/Intel/iCLS Client:/mnt/c/Program Files/Intel/iCLS Client:/mnt/c/Windows/System32:/mnt/c/Windows:/mnt/c/Windows/System32/wbem:/mnt/c/Windows/System32/WindowsPowerShell/v1.0:/mnt/c/Program Files (x86)/Intel/Intel(R) Management Engine Components/DAL:/mnt/c/Program Files/Intel/Intel(R) Management Engine Components/DAL:/mnt/c/Program Files (x86)/Intel/Intel(R) Management Engine Components/IPT:/mnt/c/Program Files/Intel/Intel(R) Management Engine Components/IPT:/mnt/c/Program Files (x86)/NVIDIA Corporation/PhysX/Common:/mnt/d/Program Files/Microsoft VS Code/bin:/mnt/c/Windows/System32:/mnt/c/Windows:/mnt/c/Windows/System32/wbem:/mnt/c/Windows/System32/WindowsPowerShell/v1.0:/mnt/c/Windows/System32/OpenSSH:/mnt/d/Program Files/apache-maven-3.5.4/bin:/mnt/c/Program Files/nodejs:/mnt/c/Go/bin:/mnt/c/Users/malik/go/bin:/mnt/c/TDM-GCC-64/bin:/mnt/c/Program Files/sqlite:/mnt/d/Program Files/Git/cmd:/mnt/c/Program Files/Java/jdk-11.0.1/bin:/mnt/c/Users/malik/AppData/Local/Microsoft/WindowsApps:/mnt/c/Users/malik/AppData/Roaming/npm:/mnt/c/Users/malik/AppData/Local/atom/bin:/mnt/c/Users/malik/AppData/Local/Programs/Microsoft VS Code/bin:/mnt/c/Users/malik/go/bin:/mnt/c/Users/malik/AppData/Local/hyper/app-2.1.0/resources/bin
10 verbose lifecycle age-of-reason@1.0.0~build: CWD: /mnt/c/Users/malik/Desktop/Master 2/QCI/qsi3-aor-malik-olivier
11 silly lifecycle age-of-reason@1.0.0~build: Args: [ '-c', 'bsb -make-world' ]
12 silly lifecycle age-of-reason@1.0.0~build: Returned: code: 2  signal: null
13 info lifecycle age-of-reason@1.0.0~build: Failed to exec build script
14 verbose stack Error: age-of-reason@1.0.0 build: `bsb -make-world`
14 verbose stack Exit status 2
14 verbose stack     at EventEmitter.<anonymous> (/usr/share/npm/lib/utils/lifecycle.js:232:16)
14 verbose stack     at emitTwo (events.js:126:13)
14 verbose stack     at EventEmitter.emit (events.js:214:7)
14 verbose stack     at ChildProcess.<anonymous> (/usr/share/npm/lib/utils/spawn.js:24:14)
14 verbose stack     at emitTwo (events.js:126:13)
14 verbose stack     at ChildProcess.emit (events.js:214:7)
14 verbose stack     at maybeClose (internal/child_process.js:925:16)
14 verbose stack     at Process.ChildProcess._handle.onexit (internal/child_process.js:209:5)
15 verbose pkgid age-of-reason@1.0.0
16 verbose cwd /mnt/c/Users/malik/Desktop/Master 2/QCI/qsi3-aor-malik-olivier
17 error Linux 4.4.0-17134-Microsoft
18 error argv "/usr/bin/node" "/usr/bin/npm" "run" "build"
19 error node v8.10.0
20 error npm  v3.5.2
21 error code ELIFECYCLE
22 error age-of-reason@1.0.0 build: `bsb -make-world`
22 error Exit status 2
23 error Failed at the age-of-reason@1.0.0 build script 'bsb -make-world'.
23 error Make sure you have the latest version of node.js and npm installed.
23 error If you do, this is most likely a problem with the age-of-reason package,
23 error not with npm itself.
23 error Tell the author that this fails on your system:
23 error     bsb -make-world
23 error You can get information on how to open an issue for this project with:
23 error     npm bugs age-of-reason
23 error Or if that isn't available, you can get their info via:
23 error     npm owner ls age-of-reason
23 error There is likely additional logging output above.
24 verbose exit [ 1, true ]
